TN:
SF:src\router.ts
FN:18,(anonymous_0)
FN:25,(anonymous_1)
FNF:2
FNH:2
FNDA:4,(anonymous_0)
FNDA:4,(anonymous_1)
DA:1,2
DA:2,2
DA:3,2
DA:4,2
DA:6,2
DA:9,2
DA:11,2
DA:16,2
DA:18,4
DA:22,2
DA:25,4
DA:30,2
DA:36,2
DA:42,2
LF:14
LH:14
BRF:0
BRH:0
end_of_record
TN:
SF:src\server.ts
FN:7,conectDB
FN:28,(anonymous_2)
FNF:2
FNH:2
FNDA:2,conectDB
FNDA:1,(anonymous_2)
DA:1,2
DA:2,2
DA:3,2
DA:4,2
DA:8,2
DA:9,2
DA:10,1
DA:13,0
DA:14,0
DA:18,2
DA:21,2
DA:24,2
DA:26,2
DA:28,2
DA:29,1
DA:32,2
LF:16
LH:14
BRF:0
BRH:0
end_of_record
TN:
SF:src\config\db.ts
FNF:0
FNH:0
DA:1,2
DA:2,2
DA:3,2
DA:5,2
DA:10,2
LF:5
LH:5
BRF:0
BRH:0
end_of_record
TN:
SF:src\handlers\product.ts
FN:4,(anonymous_1)
FN:13,(anonymous_2)
FN:26,(anonymous_3)
FN:32,(anonymous_4)
FN:49,(anonymous_5)
FN:66,(anonymous_6)
FNF:6
FNH:6
FNDA:2,(anonymous_1)
FNDA:2,(anonymous_2)
FNDA:1,(anonymous_3)
FNDA:2,(anonymous_4)
FNDA:2,(anonymous_5)
FNDA:2,(anonymous_6)
DA:2,2
DA:4,2
DA:5,2
DA:10,2
DA:13,2
DA:14,2
DA:15,2
DA:17,2
DA:18,1
DA:23,1
DA:26,2
DA:28,1
DA:29,1
DA:32,2
DA:33,2
DA:34,2
DA:36,2
DA:37,1
DA:44,1
DA:45,1
DA:46,1
DA:49,2
DA:50,2
DA:51,2
DA:53,2
DA:54,1
DA:60,1
DA:61,1
DA:63,1
DA:66,2
DA:67,2
DA:68,2
DA:70,2
DA:71,1
DA:76,1
DA:78,1
LF:36
LH:36
BRDA:17,0,0,1
BRDA:17,0,1,1
BRDA:36,1,0,1
BRDA:36,1,1,1
BRDA:53,2,0,1
BRDA:53,2,1,1
BRDA:70,3,0,1
BRDA:70,3,1,1
BRF:8
BRH:8
end_of_record
TN:
SF:src\middleware\index.ts
FN:4,(anonymous_0)
FNF:1
FNH:1
FNDA:17,(anonymous_0)
DA:2,2
DA:4,2
DA:5,17
DA:6,17
DA:7,8
DA:9,9
LF:6
LH:6
BRDA:6,0,0,8
BRDA:6,0,1,9
BRF:2
BRH:2
end_of_record
TN:
SF:src\models\Product.model.ts
FNF:0
FNH:0
DA:1,2
DA:7,2
DA:11,2
DA:15,2
DA:21,2
DA:24,2
LF:6
LH:6
BRF:0
BRH:0
end_of_record
